<?xml version="1.0" encoding="UTF-8"?>
<!-- Generated by org.testng.reporters.JUnitXMLReporter -->
<testsuite hostname="EPRURYAW0064" name="Gmail test" tests="16" failures="0" timestamp="21 Jul 2016 09:58:09 GMT" time="35.201" errors="0">
  <testcase name="gmailLogin" time="7.465" classname="com.epam.yuri_karpov.selenium.GmailTest"/>
  <testcase name="gmailDraftsGenerator" time="5.699" classname="com.epam.yuri_karpov.selenium.GmailTest"/>
  <testcase name="gmailDraftsGenerator" time="3.733" classname="com.epam.yuri_karpov.selenium.GmailTest"/>
  <testcase name="gmailDraftsGenerator" time="3.889" classname="com.epam.yuri_karpov.selenium.GmailTest"/>
  <testcase name="gmailDraftsCheck" time="2.006" classname="com.epam.yuri_karpov.selenium.GmailTest"/>
  <testcase name="gmailDraftsCheck" time="0.621" classname="com.epam.yuri_karpov.selenium.GmailTest"/>
  <testcase name="gmailDraftsCheck" time="0.573" classname="com.epam.yuri_karpov.selenium.GmailTest"/>
  <testcase name="discardDrafts" time="0.79" classname="com.epam.yuri_karpov.selenium.GmailTest"/>
  <testcase name="gmailsSendMsgs" time="1.241" classname="com.epam.yuri_karpov.selenium.GmailTest"/>
  <testcase name="gmailsSendMsgs" time="1.256" classname="com.epam.yuri_karpov.selenium.GmailTest"/>
  <testcase name="gmailsSendMsgs" time="1.647" classname="com.epam.yuri_karpov.selenium.GmailTest"/>
  <testcase name="checkSentMails" time="1.12" classname="com.epam.yuri_karpov.selenium.GmailTest"/>
  <testcase name="checkSentMails" time="0.503" classname="com.epam.yuri_karpov.selenium.GmailTest"/>
  <testcase name="checkSentMails" time="0.485" classname="com.epam.yuri_karpov.selenium.GmailTest"/>
  <testcase name="discardMails" time="0.562" classname="com.epam.yuri_karpov.selenium.GmailTest"/>
  <testcase name="logOut" time="0.358" classname="com.epam.yuri_karpov.selenium.GmailTest"/>
</testsuite> <!-- Gmail test -->
